<?xml version="1.0" encoding="UTF-8"?>
<!-- Generated by org.testng.reporters.JUnitReportReporter -->
<testsuite hostname="DESKTOP-88SEI6R" failures="0" tests="1" name="testCases.TC_002_LoginTest" time="4.612" errors="0" timestamp="2024-08-23T17:44:08 IST" skipped="0">
  <testcase classname="testCases.TC_002_LoginTest" name="verify_login_valid_credentials" time="4.612"/>
</testsuite> <!-- testCases.TC_002_LoginTest -->
